"../../../../../H.O.H/Content/2DSideScroller/Sprite_Source/NewMaterialInstanceConstant.uasset" 0
"../../../../../H.O.H/Content/2DSideScroller/Sprite_Source/AppleMan_Source/AppleMan_Complete.uasset" 1
"../../../../../H.O.H/Content/2DSideScroller/Sprite_Source/AppleMan_Source/AppleMan_Complete_Sprite_0.uasset" 2
"../../../../../H.O.H/Content/2DSideScroller/Sprite_Source/AppleMan_Source/AppleMan_Complete_Sprite_1.uasset" 3
"../../../../../H.O.H/Content/2DSideScroller/Sprite_Source/AppleMan_Source/AppleMan_Complete_Sprite_10.uasset" 4
"../../../../../H.O.H/Content/2DSideScroller/Sprite_Source/AppleMan_Source/AppleMan_Complete_Sprite_11.uasset" 5
"../../../../../H.O.H/Content/2DSideScroller/Sprite_Source/AppleMan_Source/AppleMan_Complete_Sprite_12.uasset" 6
"../../../../../H.O.H/Content/2DSideScroller/Sprite_Source/AppleMan_Source/AppleMan_Complete_Sprite_13.uasset" 7
"../../../../../H.O.H/Content/2DSideScroller/Sprite_Source/AppleMan_Source/AppleMan_Complete_Sprite_14.uasset" 8
"../../../../../H.O.H/Content/2DSideScroller/Sprite_Source/AppleMan_Source/AppleMan_Complete_Sprite_15.uasset" 9
"../../../../../H.O.H/Content/2DSideScroller/Sprite_Source/AppleMan_Source/AppleMan_Complete_Sprite_16.uasset" 10
"../../../../../H.O.H/Content/2DSideScroller/Sprite_Source/AppleMan_Source/AppleMan_Complete_Sprite_17.uasset" 11
"../../../../../H.O.H/Content/2DSideScroller/Sprite_Source/AppleMan_Source/AppleMan_Complete_Sprite_18.uasset" 12
"../../../../../H.O.H/Content/2DSideScroller/Sprite_Source/AppleMan_Source/AppleMan_Complete_Sprite_19.uasset" 13
"../../../../../H.O.H/Content/2DSideScroller/Sprite_Source/AppleMan_Source/AppleMan_Complete_Sprite_2.uasset" 14
"../../../../../H.O.H/Content/2DSideScroller/Sprite_Source/AppleMan_Source/AppleMan_Complete_Sprite_20.uasset" 15
"../../../../../H.O.H/Content/2DSideScroller/Sprite_Source/AppleMan_Source/AppleMan_Complete_Sprite_21.uasset" 16
"../../../../../H.O.H/Content/2DSideScroller/Sprite_Source/AppleMan_Source/AppleMan_Complete_Sprite_22.uasset" 17
"../../../../../H.O.H/Content/2DSideScroller/Sprite_Source/AppleMan_Source/AppleMan_Complete_Sprite_23.uasset" 18
"../../../../../H.O.H/Content/2DSideScroller/Sprite_Source/AppleMan_Source/AppleMan_Complete_Sprite_24.uasset" 19
"../../../../../H.O.H/Content/2DSideScroller/Sprite_Source/AppleMan_Source/AppleMan_Complete_Sprite_3.uasset" 20
"../../../../../H.O.H/Content/2DSideScroller/Sprite_Source/AppleMan_Source/AppleMan_Complete_Sprite_4.uasset" 21
"../../../../../H.O.H/Content/2DSideScroller/Sprite_Source/AppleMan_Source/AppleMan_Complete_Sprite_5.uasset" 22
"../../../../../H.O.H/Content/2DSideScroller/Sprite_Source/AppleMan_Source/AppleMan_Complete_Sprite_6.uasset" 23
"../../../../../H.O.H/Content/2DSideScroller/Sprite_Source/AppleMan_Source/AppleMan_Complete_Sprite_7.uasset" 24
"../../../../../H.O.H/Content/2DSideScroller/Sprite_Source/AppleMan_Source/AppleMan_Complete_Sprite_8.uasset" 25
"../../../../../H.O.H/Content/2DSideScroller/Sprite_Source/AppleMan_Source/AppleMan_Complete_Sprite_9.uasset" 26
"../../../../../H.O.H/Content/2DSideScroller/Sprite_Source/EnemyDoc_Source/Donnan_Enemy.uasset" 27
"../../../../../H.O.H/Content/2DSideScroller/Sprite_Source/EnemyDoc_Source/Donnan_Enemy_Sprite_0.uasset" 28
"../../../../../H.O.H/Content/2DSideScroller/Sprite_Source/EnemyDoc_Source/Donnan_Enemy_Sprite_1.uasset" 29
"../../../../../H.O.H/Content/2DSideScroller/Sprite_Source/EnemyDoc_Source/Donnan_Enemy_Sprite_10.uasset" 30
"../../../../../H.O.H/Content/2DSideScroller/Sprite_Source/EnemyDoc_Source/Donnan_Enemy_Sprite_11.uasset" 31
"../../../../../H.O.H/Content/2DSideScroller/Sprite_Source/EnemyDoc_Source/Donnan_Enemy_Sprite_2.uasset" 32
"../../../../../H.O.H/Content/2DSideScroller/Sprite_Source/EnemyDoc_Source/Donnan_Enemy_Sprite_3.uasset" 33
"../../../../../H.O.H/Content/2DSideScroller/Sprite_Source/EnemyDoc_Source/Donnan_Enemy_Sprite_4.uasset" 34
"../../../../../H.O.H/Content/2DSideScroller/Sprite_Source/EnemyDoc_Source/Donnan_Enemy_Sprite_5.uasset" 35
"../../../../../H.O.H/Content/2DSideScroller/Sprite_Source/EnemyDoc_Source/Donnan_Enemy_Sprite_6.uasset" 36
"../../../../../H.O.H/Content/2DSideScroller/Sprite_Source/EnemyDoc_Source/Donnan_Enemy_Sprite_7.uasset" 37
"../../../../../H.O.H/Content/2DSideScroller/Sprite_Source/EnemyDoc_Source/Donnan_Enemy_Sprite_8.uasset" 38
"../../../../../H.O.H/Content/2DSideScroller/Sprite_Source/EnemyDoc_Source/Donnan_Enemy_Sprite_9.uasset" 39
"../../../../../H.O.H/Content/2DSideScroller/Sprite_Source/Factory_Tileset_Source/Factory_TileSet1.uasset" 40
"../../../../../H.O.H/Content/2DSideScroller/Sprite_Source/Factory_Tileset_Source/Factory_TileSet.uasset" 41
"../../../../../H.O.H/Content/2DSideScroller/Sprite_Source/Island_TileSet_Source/4_LastName_TileSet.uasset" 42
"../../Plugins/2D/Paper2D/Content/PlaceholderTextures/DummySpriteTexture.uasset" 43
"../../Plugins/2D/Paper2D/Content/DefaultSpriteMaterial.uasset" 44
"../../Plugins/2D/Paper2D/Content/TranslucentUnlitSpriteMaterial.uasset" 45
"../../../../../H.O.H/Content/2DSideScroller/Sprite_Source/Island_TileSet_Source/4_LastName_TileSet_Sprite_37.uasset" 46
"../../../../../H.O.H/Content/2DSideScroller/Sprite_Source/Island_TileSet_Source/4_LastName_TileSet_Sprite_38.uasset" 47
"../../../../../H.O.H/Content/2DSideScroller/Sprite_Source/Island_TileSet_Source/4_LastName_TileSet_Sprite_39.uasset" 48
"../../../../../H.O.H/Content/2DSideScroller/Sprite_Source/Island_TileSet_Source/4_LastName_TileSet_Sprite_40.uasset" 49
"../../../../../H.O.H/Content/2DSideScroller/Sprite_Source/Island_TileSet_Source/4_LastName_TileSet_Sprite_41.uasset" 50
"../../../../../H.O.H/Content/2DSideScroller/Sprite_Source/Island_TileSet_Source/4_LastName_TileSet_Sprite_42.uasset" 51
"../../../../../H.O.H/Content/2DSideScroller/Sprite_Source/Island_TileSet_Source/4_LastName_TileSet_Sprite_43.uasset" 52
"../../../../../H.O.H/Content/2DSideScroller/Sprite_Source/Island_TileSet_Source/4_LastName_TileSet_Sprite_44.uasset" 53
"../../../../../H.O.H/Content/2DSideScroller/Sprite_Source/Island_TileSet_Source/4_LastName_TileSet_Sprite_45.uasset" 54
"../../../../../H.O.H/Content/2DSideScroller/Sprite_Source/Island_TileSet_Source/4_LastName_TileSet_Sprite_46.uasset" 55
"../../../../../H.O.H/Content/2DSideScroller/Sprite_Source/Island_TileSet_Source/4_LastName_TileSet_Sprite_47.uasset" 56
"../../../../../H.O.H/Content/2DSideScroller/Sprite_Source/Island_TileSet_Source/4_LastName_TileSet_Sprite_48.uasset" 57
"../../../../../H.O.H/Content/2DSideScroller/Sprite_Source/Island_TileSet_Source/4_LastName_TileSet_Sprite_49.uasset" 58
"../../../../../H.O.H/Content/2DSideScroller/Sprite_Source/Island_TileSet_Source/4_LastName_TileSet_Sprite_50.uasset" 59
"../../../../../H.O.H/Content/2DSideScroller/Sprite_Source/Island_TileSet_Source/4_LastName_TileSet_Sprite_51.uasset" 60
"../../../../../H.O.H/Content/2DSideScroller/Sprite_Source/Island_TileSet_Source/4_LastName_TileSet_Sprite_52.uasset" 61
"../../../../../H.O.H/Content/2DSideScroller/Sprite_Source/Island_TileSet_Source/4_LastName_TileSet_Sprite_53.uasset" 62
"../../../../../H.O.H/Content/2DSideScroller/Sprite_Source/Island_TileSet_Source/4_LastName_TileSet_Sprite_54.uasset" 63
"../../../../../H.O.H/Content/2DSideScroller/Sprite_Source/Island_TileSet_Source/4_LastName_TileSet_Sprite_55.uasset" 64
"../../../../../H.O.H/Content/2DSideScroller/Sprite_Source/Island_TileSet_Source/4_LastName_TileSet_Sprite_56.uasset" 65
"../../../../../H.O.H/Content/2DSideScroller/Sprite_Source/Island_TileSet_Source/4_LastName_TileSet_Sprite_57.uasset" 66
"../../../../../H.O.H/Content/2DSideScroller/Sprite_Source/Island_TileSet_Source/4_LastName_TileSet_Sprite_58.uasset" 67
"../../../../../H.O.H/Content/2DSideScroller/Sprite_Source/Island_TileSet_Source/4_LastName_TileSet_Sprite_59.uasset" 68
"../../../../../H.O.H/Content/2DSideScroller/Sprite_Source/Island_TileSet_Source/4_LastName_TileSet_Sprite_60.uasset" 69
"../../../../../H.O.H/Content/2DSideScroller/Sprite_Source/Island_TileSet_Source/4_LastName_TileSet_Sprite_61.uasset" 70
"../../../../../H.O.H/Content/2DSideScroller/Sprite_Source/Island_TileSet_Source/4_LastName_TileSet_Sprite_62.uasset" 71
"../../../../../H.O.H/Content/2DSideScroller/Sprite_Source/Island_TileSet_Source/4_LastName_TileSet_Sprite_63.uasset" 72
"../../../../../H.O.H/Content/2DSideScroller/Sprite_Source/Island_TileSet_Source/Background.uasset" 73
"../../../../../H.O.H/Content/2DSideScroller/Sprite_Source/Island_TileSet_Source/Background_Sprite.uasset" 74
"../../../../../H.O.H/Content/2DSideScroller/StartScreenAssets/TitleScreen.uasset" 75
"../../../../../H.O.H/Content/2DSideScrollerBP/2DSideScrollerOverview.uasset" 76
"../../../../../H.O.H/Content/2DSideScrollerBP/Coin_bar.uasset" 77
"../../../../../H.O.H/Content/2DSideScrollerBP/Coin_logo.uasset" 78
"../../../../../H.O.H/Content/2DSideScrollerBP/Sprites/Projectile_Shooters__And_Coins.uasset" 79
"../../../../../H.O.H/Content/2DSideScrollerBP/Projectile_Shooters__And_Coins_Sprite_66.uasset" 80
"../../../../../H.O.H/Content/2DSideScrollerBP/Projectile_Shooters__And_Coins_Sprite_67.uasset" 81
"../../../../../H.O.H/Content/2DSideScrollerBP/Blueprints/TheIceBoi.uasset" 82
"../../../../../H.O.H/Content/2DSideScrollerBP/Blueprints/TheIceBoi_Sprite_2.uasset" 83
"../../../../../H.O.H/Content/2DSideScrollerBP/Maps/2DSideScrollerExampleMap.uasset" 84
"../../../../../H.O.H/Content/2DSideScrollerBP/Maps/download-removebg-preview.uasset" 85
"../../../../../H.O.H/Content/2DSideScrollerBP/Maps/download-removebg-preview__3_.uasset" 86
"../../../../../H.O.H/Content/2DSideScrollerBP/Maps/download-removebg-preview__1_.uasset" 87
"../../../../../H.O.H/Content/2DSideScrollerBP/Maps/GameOverWidget.uasset" 88
"../../../../../H.O.H/Content/2DSideScroller/Sprite_Source/Island_TileSet_Source/4_LastName_TileSetPadded.uasset" 89
"../../../../../H.O.H/Content/2DSideScroller/Sprite_Source/Island_TileSet_Source/4_LastName_TileSet_TileSet.uasset" 90
"../../../../../H.O.H/Content/2DSideScroller/Sprite_Source/Factory_Tileset_Source/Factory_TileSet1_TileSet.uasset" 91
"../../../../../H.O.H/Content/2DSideScrollerBP/Maps/Level1.uasset" 92
"../../../../../H.O.H/Content/2DSideScrollerBP/Maps/Island_TileSet_TileMap.uasset" 93
"../../../../../H.O.H/Content/2DSideScrollerBP/Maps/Play_button-removebg-preview.uasset" 94
"../../../../../H.O.H/Content/2DSideScrollerBP/Sprites/Projectile_Shooters__And_Coins_Sprite_12.uasset" 95
"../../../../../H.O.H/Content/2DSideScrollerBP/Sprites/Projectile_Shooters__And_Coins_Sprite_13.uasset" 96
"../../../../../H.O.H/Content/2DSideScrollerBP/Sprites/Projectile_Shooters__And_Coins_Sprite_14.uasset" 97
"../../../../../H.O.H/Content/2DSideScrollerBP/Sprites/Projectile_Shooters__And_Coins_Sprite_15.uasset" 98
"../../../../../H.O.H/Content/2DSideScrollerBP/Sprites/Projectile_Shooters__And_Coins_Sprite_20.uasset" 99
"../../../../../H.O.H/Content/2DSideScrollerBP/Sprites/Projectile_Shooters__And_Coins_Sprite_21.uasset" 100
"../../../../../H.O.H/Content/2DSideScrollerBP/Sprites/Projectile_Shooters__And_Coins_Sprite_22.uasset" 101
"../../../../../H.O.H/Content/2DSideScrollerBP/Sprites/Projectile_Shooters__And_Coins_Sprite_23.uasset" 102
"../../../../../H.O.H/Content/2DSideScrollerBP/Sprites/Projectile_Shooters__And_Coins_Sprite_30.uasset" 103
"../../../../../H.O.H/Content/2DSideScrollerBP/Sprites/Projectile_Shooters__And_Coins_Sprite_31.uasset" 104
"../../../../../H.O.H/Content/2DSideScrollerBP/Sprites/Projectile_Shooters__And_Coins_Sprite_36.uasset" 105
"../../../../../H.O.H/Content/2DSideScrollerBP/Sprites/Projectile_Shooters__And_Coins_Sprite_37.uasset" 106
"../../../../../H.O.H/Content/2DSideScrollerBP/Sprites/Projectile_Shooters__And_Coins_Sprite_38.uasset" 107
"../../../../../H.O.H/Content/2DSideScrollerBP/Sprites/Projectile_Shooters__And_Coins_Sprite_39.uasset" 108
"../../../Engine/Content/EngineMaterials/T_Default_Material_Grid_N.uasset" 109
"../../../Engine/Content/EngineMaterials/T_Default_Material_Grid_M.uasset" 110
"../../../Engine/Content/Functions/Engine_MaterialFunctions01/Opacity/CameraDepthFade.uasset" 111
"../../../Engine/Content/EngineMaterials/WorldGridMaterial.uasset" 112
"../../../Engine/Content/ArtTools/RenderToTexture/Meshes/S_1_Unit_Plane.uasset" 113
"../../../Engine/Content/EngineMaterials/DefaultMaterial.uasset" 114
"../../../Engine/Content/BasicShapes/Cone.uasset" 115
"../../../Engine/Content/BasicShapes/Cube.uasset" 116
"../../../Engine/Content/BasicShapes/Plane.uasset" 117
"../../../Engine/Content/BasicShapes/Sphere.uasset" 118
"../../../Engine/Content/EditorLandscapeResources/DataLayer.uasset" 119
"../../../Engine/Content/EditorLandscapeResources/DefaultAlphaTexture.uasset" 120
"../../../Engine/Content/EditorMaterials/MAT_Groups_Toggle.uasset" 121
"../../../Engine/Content/EditorMaterials/MAT_Groups_Visibility.uasset" 122
"../../../Engine/Content/EditorMaterials/PreviewShadowIndicator.uasset" 123
"../../../Engine/Content/EditorMaterials/PreviewShadowIndicatorMaterial.uasset" 124
"../../../Engine/Content/EditorMaterials/MatineeGroups/MAT_ColorTrack.uasset" 125
"../../../Engine/Content/EditorMaterials/MatineeGroups/MAT_Groups_Anim.uasset" 126
"../../../Engine/Content/EditorMaterials/MatineeGroups/MAT_Groups_AudioMaster.uasset" 127
"../../../Engine/Content/EditorMaterials/MatineeGroups/MAT_Groups_Director.uasset" 128
"../../../Engine/Content/EditorMaterials/MatineeGroups/MAT_Groups_Event.uasset" 129
"../../../Engine/Content/EditorMaterials/MatineeGroups/MAT_Groups_Fade.uasset" 130
"../../../Engine/Content/EditorMaterials/MatineeGroups/MAT_Groups_Float.uasset" 131
"../../../Engine/Content/EditorMaterials/MatineeGroups/MAT_Groups_Move.uasset" 132
"../../../Engine/Content/EditorMaterials/MatineeGroups/MAT_Groups_Slomo.uasset" 133
"../../../Engine/Content/EditorMaterials/MatineeGroups/MAT_Groups_Sound.uasset" 134
"../../../Engine/Content/EditorMaterials/MatineeGroups/MAT_Groups_Vector.uasset" 135
"../../../Engine/Content/EditorMaterials/ParticleSystems/PSysThumbnail_NoImage.uasset" 136
"../../../Engine/Content/EditorMaterials/ParticleSystems/PSysThumbnail_OOD.uasset" 137
"../../../Engine/Content/EditorMaterials/Camera/CineMat.uasset" 138
"../../../Engine/Content/EditorMaterials/Camera/MI_CineMat_Rig.uasset" 139
"../../../Engine/Content/EditorMeshes/Camera/SM_CraneRig_Arm.uasset" 140
"../../../Engine/Content/EditorMeshes/Camera/SM_CraneRig_Base.uasset" 141
"../../../Engine/Content/EditorMeshes/Camera/SM_CraneRig_Body.uasset" 142
"../../../Engine/Content/EditorMeshes/Camera/SM_CraneRig_Mount.uasset" 143
"../../../Engine/Content/EditorMeshes/Camera/SM_RailRig_Mount.uasset" 144
"../../../Engine/Content/EditorMeshes/Camera/SM_RailRig_Track.uasset" 145
"../../../Engine/Content/EditorResources/BSPVertex.uasset" 146
"../../../Engine/Content/EditorResources/EmptyActor.uasset" 147
"../../../Engine/Content/EditorResources/S_Actor.uasset" 148
"../../../Engine/Content/EditorResources/S_Note.uasset" 149
"../../../Engine/Content/EditorResources/S_Solver.uasset" 150
"../../../Engine/Content/EditorResources/S_Terrain.uasset" 151
"../../../Engine/Content/EditorResources/S_Trigger.uasset" 152
"../../../Engine/Content/EditorResources/SequenceRecorder/Countdown.uasset" 153
"../../../Engine/Content/EditorResources/SequenceRecorder/RecordingIndicator.uasset" 154
"../../../Engine/Content/EngineDamageTypes/DmgTypeBP_Environmental.uasset" 155
"../../../Engine/Content/EngineDebugMaterials/DebugEditorMaterial.uasset" 156
"../../../Engine/Content/EngineDebugMaterials/DebugMeshMaterial.uasset" 157
"../../../Engine/Content/EngineDebugMaterials/M_SimpleUnlitTranslucent.uasset" 158
"../../../Engine/Content/EngineDebugMaterials/VolumeToRender.uasset" 159
"../../../Engine/Content/Functions/Engine_MaterialFunctions02/Utility/CameraDirectionVector.uasset" 160
"../../../Engine/Content/EngineDebugMaterials/M_VolumeRenderSphereTracePP.uasset" 161
"../../../Engine/Content/Functions/Engine_MaterialFunctions01/Shading/ConvertFromDiffSpec.uasset" 162
"../../../Engine/Content/EngineDebugMaterials/VertexColorMaterial.uasset" 163
"../../../Engine/Content/EngineDebugMaterials/WireframeMaterial.uasset" 164
"../../../Engine/Content/EngineFonts/Faces/RobotoRegular.uasset" 165
"../../../Engine/Content/EngineFonts/Faces/RobotoLight.uasset" 166
"../../../Engine/Content/EngineFonts/Faces/RobotoItalic.uasset" 167
"../../../Engine/Content/EngineFonts/Faces/RobotoBoldItalic.uasset" 168
"../../../Engine/Content/EngineFonts/Faces/RobotoBold.uasset" 169
"../../../Engine/Content/EngineFonts/Faces/DroidSansFallback.uasset" 170
"../../../Engine/Content/EngineFonts/Roboto.uasset" 171
"../../../Engine/Content/EngineMaterials/BaseFlattenNormalMap.uasset" 172
"../../../Engine/Content/EngineMaterials/BaseFlattenGrayscaleMap.uasset" 173
"../../../Engine/Content/EngineMaterials/BaseFlattenEmissiveMap.uasset" 174
"../../../Engine/Content/EngineMaterials/BaseFlattenDiffuseMap.uasset" 175
"../../../Engine/Content/EngineMaterials/BaseFlattenMaterial.uasset" 176
"../../../Engine/Content/EngineMaterials/BlueNoise.uasset" 177
"../../../Engine/Content/EngineMaterials/DefaultBloomKernel.uasset" 178
"../../../Engine/Content/EngineMaterials/DefaultBokeh.uasset" 179
"../../../Engine/Content/EngineMaterials/DefaultDiffuse.uasset" 180
"../../../Engine/Content/EngineMaterials/DefaultDeferredDecalMaterial.uasset" 181
"../../../Engine/Content/EngineMaterials/DefaultLightFunctionMaterial.uasset" 182
"../../../Engine/Content/EngineMaterials/DefaultPhysicalMaterial.uasset" 183
"../../../Engine/Content/Functions/Engine_MaterialFunctions02/Utility/BreakOutFloat2Components.uasset" 184
"../../../Engine/Content/EngineMaterials/DefaultPostProcessMaterial.uasset" 185
"../../../Engine/Content/EngineFonts/RobotoDistanceField.uasset" 186
"../../../Engine/Content/EngineMaterials/DefaultTextMaterialOpaque.uasset" 187
"../../../Engine/Content/EngineMaterials/DefaultWhiteGrid.uasset" 188
"../../../Engine/Content/EngineMaterials/DefaultWhiteGrid_Low.uasset" 189
"../../../Engine/Content/EngineMaterials/EmissiveMeshMaterial.uasset" 190
"../../../Engine/Content/EngineMaterials/GizmoMaterial.uasset" 191
"../../../Engine/Content/EngineMaterials/Good64x64TilingNoiseHighFreq.uasset" 192
"../../../Engine/Content/EngineMaterials/MiniFont.uasset" 193
"../../../Engine/Content/EngineMaterials/InvalidLightmapSettings.uasset" 194
"../../../Engine/Content/EngineMaterials/M_InvalidLightmapSettings.uasset" 195
"../../../Engine/Content/Functions/Engine_MaterialFunctions02/WorldPositionOffset/CameraOffset.uasset" 196
"../../../Engine/Content/EngineMaterials/PhAT_JointLimitMaterial.uasset" 197
"../../../Engine/Content/EngineMaterials/PreintegratedSkinBRDF.uasset" 198
"../../../Engine/Content/EngineMaterials/RemoveSurfaceMaterial.uasset" 199
"../../../Engine/Content/EngineMaterials/WeightMapPlaceholderTexture.uasset" 200
"../../../Engine/Content/EngineResources/WhiteSquareTexture.uasset" 201
"../../../Engine/Content/EngineMaterials/Widget3DPassThrough.uasset" 202
"../../../Engine/Content/EngineMaterials/Widget3DPassThrough_Masked.uasset" 203
"../../../Engine/Content/EngineMaterials/Widget3DPassThrough_Opaque.uasset" 204
"../../../Engine/Content/EngineMaterials/Widget3DPassThrough_Masked_OneSided.uasset" 205
"../../../Engine/Content/EngineMaterials/Widget3DPassThrough_Opaque_OneSided.uasset" 206
"../../../Engine/Content/EngineMaterials/Widget3DPassThrough_Translucent.uasset" 207
"../../../Engine/Content/EngineMaterials/Widget3DPassThrough_Translucent_OneSided.uasset" 208
"../../../Engine/Content/EngineMeshes/Cylinder.uasset" 209
"../../../Engine/Content/EngineMeshes/Sphere.uasset" 210
"../../../Engine/Content/EngineResources/Black.uasset" 211
"../../../Engine/Content/EngineResources/DefaultTextureCube.uasset" 212
"../../../Engine/Content/EngineResources/DefaultVolumeTexture2D.uasset" 213
"../../../Engine/Content/EngineResources/DefaultVolumeTexture.uasset" 214
"../../../Engine/Content/EngineResources/GradientTexture0.uasset" 215
"../../../Engine/Content/EngineSky/VolumetricClouds/T_NoiseShape64.uasset" 216
"../../../Engine/Content/EngineSky/VolumetricClouds/T_VolumeNoiseShape64.uasset" 217
"../../../Engine/Content/EngineSky/VolumetricClouds/T_NoiseErosion.uasset" 218
"../../../Engine/Content/EngineSky/VolumetricClouds/T_VolumeNoiseErosion32.uasset" 219
"../../../Engine/Content/EngineSky/VolumetricClouds/CloudWeatherTexture.uasset" 220
"../../../Engine/Content/EngineSky/VolumetricClouds/CloudGradientTexture.uasset" 221
"../../../Engine/Content/Functions/Engine_MaterialFunctions02/Utility/MakeFloat2.uasset" 222
"../../../Engine/Content/EngineSky/VolumetricClouds/m_SimpleVolumetricCloud.uasset" 223
"../../../Engine/Content/EngineSky/VolumetricClouds/m_SimpleVolumetricCloud_Inst.uasset" 224
"../../../Engine/Content/EngineSounds/Master.uasset" 225
"../../../Engine/Content/Functions/Engine_MaterialFunctions01/Shading/PowerToRoughness.uasset" 226
"../../../Engine/Content/Maps/Templates/Thumbnails/Default.uasset" 227
"../../../Engine/Content/Maps/Templates/Thumbnails/TimeOfDay.uasset" 228
"../../../Engine/Content/Maps/Templates/Thumbnails/VR-Basic.uasset" 229
"../../../Engine/Content/MobileResources/T_MobileControls_texture.uasset" 230
"../../../Engine/Content/MobileResources/T_MobileMenu2.uasset" 231
"../../../Engine/Content/MobileResources/HUD/AnalogHat.uasset" 232
"../../../Engine/Content/MobileResources/HUD/VirtualJoystick_Thumb.uasset" 233
"../../../Engine/Content/MobileResources/HUD/VirtualJoystick_Background.uasset" 234
"../../../Engine/Content/MobileResources/HUD/DefaultVirtualJoysticks.uasset" 235
"../../../Engine/Content/MobileResources/HUD/LeftVirtualJoystickOnly.uasset" 236
"../../../Engine/Content/MobileResources/HUD/MobileHUDButton1_off.uasset" 237
"../../../Engine/Content/MobileResources/HUD/MobileHUDButton1_on.uasset" 238
"../../../Engine/Content/MobileResources/HUD/MobileHUDButton2_off.uasset" 239
"../../../Engine/Content/MobileResources/HUD/MobileHUDButton2_on.uasset" 240
"../../../Engine/Content/MobileResources/HUD/MobileHUDButton3.uasset" 241
"../../../Engine/Content/MobileResources/HUD/MobileHUDButtonFire.uasset" 242
"../../../Engine/Content/MobileResources/HUD/MobileHUDDirectionPad.uasset" 243
"../../../Engine/Content/MobileResources/HUD/MobileHUDDirectionPad2.uasset" 244
"../../../Engine/Content/MobileResources/HUD/MobileHUDDirectionPad3.uasset" 245
"../../../Engine/Content/MobileResources/HUD/MobileHUDDirectionStick.uasset" 246
"../../../Engine/Content/MobileResources/HUD/T_Castle_ThumbstickInner.uasset" 247
"../../../Engine/Content/MobileResources/HUD/T_Castle_ThumbstickOutter.uasset" 248
"../../../Engine/Content/Tutorial/ContentIntroCurve.uasset" 249
"../../../Engine/Content/Tutorial/Installation/InstallingVisualStudioTutorial.uasset" 250
"../../../Engine/Content/VREditor/TransformGizmo/TranslucentTransformGizmoMaterial.uasset" 251
"../../../Engine/Content/VREditor/LaserPointer/VR_LaserPower_01.uasset" 252
"../../../Engine/Content/VREditor/TransformGizmo/TransformGizmoMaterial.uasset" 253
"../../../Engine/Content/VREditor/TransformGizmo/BoundingBoxCorner.uasset" 254
"../../../Engine/Content/VREditor/TransformGizmo/BoundingBoxEdge.uasset" 255
"../../../Engine/Content/VREditor/TransformGizmo/PlaneTranslationHandle.uasset" 256
"../../../Engine/Content/VREditor/TransformGizmo/Xray.uasset" 257
"../../../Engine/Content/VREditor/TransformGizmo/Main.uasset" 258
"../../../Engine/Content/VREditor/TransformGizmo/SM_Sequencer_Key.uasset" 259
"../../../Engine/Content/VREditor/TransformGizmo/SM_Sequencer_Node.uasset" 260
"../../Plugins/2D/Paper2D/Content/DummySprite.uasset" 261
"../../Plugins/2D/Paper2D/Content/DefaultPaperTerrainMaterial.uasset" 262
"../../Plugins/2D/Paper2D/Content/MaskedUnlitSpriteMaterial.uasset" 263
"../../Plugins/2D/Paper2D/Content/OpaqueUnlitSpriteMaterial.uasset" 264
"../../../Engine/Content/Functions/Engine_MaterialFunctions02/Utility/BreakOutFloat3Components.uasset" 265
"../../Plugins/Editor/SpeedTreeImporter/Content/SpeedTree9/UnpackInteger3.uasset" 266
"../../Plugins/Editor/SpeedTreeImporter/Content/SpeedTree9/UnpackDirection.uasset" 267
"../../Plugins/Editor/SpeedTreeImporter/Content/SpeedTree9/game_wind_noise.uasset" 268
"../../../Engine/Content/Functions/Engine_MaterialFunctions02/SafeNormalize.uasset" 269
"../../Plugins/Editor/SpeedTreeImporter/Content/SpeedTree9/SpeedTreeWindMotion.uasset" 270
"../../Plugins/Editor/SpeedTreeImporter/Content/SpeedTree9/SpeedTreeBranchMotion.uasset" 271
"../../../Engine/Content/Functions/Engine_MaterialFunctions02/ObjectLocalBounds.uasset" 272
"../../../Engine/Content/Functions/Engine_MaterialFunctions02/UVs/BoundingBoxBased_0-1_UVW.uasset" 273
"../../Plugins/Editor/SpeedTreeImporter/Content/SpeedTree9/SpeedTreeWind.uasset" 274
"../../Plugins/Editor/SpeedTreeImporter/Content/SpeedTree9/SpeedTreeBillboard.uasset" 275
"../../../Engine/Content/EngineResources/DefaultTexture.uasset" 276
"../../Plugins/Editor/SpeedTreeImporter/Content/SpeedTree9/SpeedTreeBillboardMaster.uasset" 277
"../../Plugins/Editor/SpeedTreeImporter/Content/SpeedTree9/SpeedTreeCameraFacing.uasset" 278
"../../Plugins/Editor/SpeedTreeImporter/Content/SpeedTree9/SpeedTreeMaster.uasset" 279
"../../../Engine/Content/ArtTools/RenderToTexture/Materials/Debug/M_Emissive_Color.uasset" 280
"../../../Engine/Content/BasicShapes/Cylinder.uasset" 281
"../../Plugins/Lumin/MagicLeapPassableWorld/Content/MagicLeapARPinInfoActor.uasset" 282
"../../../Engine/Content/Functions/Engine_MaterialFunctions02/Utility/BreakOutFloat4Components.uasset" 283
"../../../Engine/Content/Functions/Engine_MaterialFunctions02/Utility/MakeFloat3.uasset" 284
"../../Plugins/Runtime/Oculus/OculusVR/Content/Materials/OculusMR_ChromaKey.uasset" 285
"../../Plugins/Runtime/Oculus/OculusVR/Content/Materials/OculusMR_OpaqueColoredMaterial.uasset" 286
"../../Plugins/Runtime/Oculus/OculusVR/Content/Materials/PokeAHoleMaterial.uasset" 287
"../../../../../H.O.H/Content/2DSideScrollerBP/Maps/GameOver.umap" 288
"../../../../../H.O.H/Content/2DSideScrollerBP/Blueprints/Almost_done_Tile_set.uasset" 289
"../../../../../H.O.H/Content/2DSideScrollerBP/Blueprints/Almost_done_Tile_set_TileSet.uasset" 290
"../../../../../H.O.H/Content/2DSideScrollerBP/Blueprints/Ice_Level.uasset" 291
"../../../../../H.O.H/Content/2DSideScrollerBP/Sprites/Projectile_Shooters__And_Coins_Sprite_7.uasset" 292
"../../../../../H.O.H/Content/2DSideScrollerBP/Sprites/Projectile_Shooters__And_Coins_Sprite_6.uasset" 293
"../../../../../H.O.H/Content/2DSideScrollerBP/Sprites/Projectile_Shooters__And_Coins_Sprite_5.uasset" 294
"../../../../../H.O.H/Content/2DSideScrollerBP/Sprites/Projectile_Shooters__And_Coins_Sprite_4.uasset" 295
"../../../../../H.O.H/Content/2DSideScrollerBP/Sprites/IceTurrent.uasset" 296
"../../../../../H.O.H/Content/2DSideScrollerBP/Sprites/Projectile_Shooters__And_Coins_Sprite_29.uasset" 297
"../../../../../H.O.H/Content/2DSideScrollerBP/Sprites/Projectile_Shooters__And_Coins_Sprite_28.uasset" 298
"../../../../../H.O.H/Content/2DSideScrollerBP/Sprites/IceBullet.uasset" 299
"../../../../../H.O.H/Content/2DSideScrollerBP/Blueprints/TheIceBoi_Sprite_5.uasset" 300
"../../../../../H.O.H/Content/2DSideScrollerBP/Blueprints/TheIceBoi_Sprite_4.uasset" 301
"../../../../../H.O.H/Content/2DSideScrollerBP/Blueprints/TheIceBoi_Sprite_3.uasset" 302
"../../../../../H.O.H/Content/2DSideScrollerBP/Blueprints/Run.uasset" 303
"../../../../../H.O.H/Content/2DSideScrollerBP/Blueprints/TheIceBoi_Sprite_6.uasset" 304
"../../../../../H.O.H/Content/2DSideScrollerBP/Blueprints/Jump.uasset" 305
"../../../../../H.O.H/Content/2DSideScrollerBP/Blueprints/TheIceBoi_Sprite_1.uasset" 306
"../../../../../H.O.H/Content/2DSideScrollerBP/Blueprints/TheIceBoi_Sprite_0.uasset" 307
"../../../../../H.O.H/Content/2DSideScrollerBP/Blueprints/Idle_flipbook.uasset" 308
"../../../../../H.O.H/Content/2DSideScrollerBP/Blueprints/TheIceBoi_Sprite_7.uasset" 309
"../../../../../H.O.H/Content/2DSideScrollerBP/Blueprints/Fall.uasset" 310
"../../../../../H.O.H/Content/2DSideScrollerBP/Blueprints/AnimationState.uasset" 311
"../../../Engine/Content/EditorBlueprintResources/StandardMacros.uasset" 312
"../../../../../H.O.H/Content/2DSideScrollerBP/Just_heart_.uasset" 313
"../../../../../H.O.H/Content/2DSideScrollerBP/Just_healht_bar.uasset" 314
"../../../../../H.O.H/Content/2DSideScrollerBP/NewWidgetBlueprint.uasset" 315
"../../../../../H.O.H/Content/2DSideScrollerBP/Blueprints/2DSideScrollerCharacter.uasset" 316
"../../../../../H.O.H/Content/2DSideScrollerBP/Blueprints/BP_IceBullet.uasset" 317
"../../../../../H.O.H/Content/2DSideScrollerBP/Blueprints/IceTurret.uasset" 318
"../../../../../H.O.H/Content/2DSideScrollerBP/Maps/Level2.umap" 319
"../../../../../H.O.H/Content/2DSideScrollerBP/Maps/start-button-line-icon-start-button-line-icon-linear-style-sign-mobile-concept-web-design-game-play-start-outline-vector-211902483-removebg-preview.uasset" 320
"../../../../../H.O.H/Content/2DSideScrollerBP/Maps/Secret_Spy-logos_transparent.uasset" 321
"../../../../../H.O.H/Content/2DSideScrollerBP/Maps/images.uasset" 322
"../../../../../H.O.H/Content/2DSideScrollerBP/Maps/MainMenuWidget.uasset" 323
"../../../../../H.O.H/Content/2DSideScrollerBP/Maps/MainMenu.umap" 324
"../../../../../H.O.H/Content/2DSideScrollerBP/Maps/SS_Game.umap" 325
"../../../Engine/Content/Maps/Entry_BuiltData.uasset" 326
"../../../Engine/Content/Maps/Entry.umap" 327
